<?xml version="1.0" encoding="UTF-8"?>
<!-- Generated by org.testng.reporters.JUnitReportReporter -->
<testsuite hostname="DESKTOP-6T5BH1R" failures="0" tests="2" name="facebook.LoginTest1" time="10.977" errors="0" timestamp="2024-01-31T01:43:02 EST" skipped="0">
  <testcase classname="facebook.LoginTest1" name="login" time="10.976"/>
  <system-out/>
  <testcase classname="facebook.LoginTest1" name="name" time="0.001"/>
  <system-out/>
</testsuite> <!-- facebook.LoginTest1 -->
